<?xml version="1.0" encoding="UTF-8"?>
<!-- Generated by org.testng.reporters.JUnitXMLReporter -->
<testsuite ignored="0" hostname="NOOBIE" failures="1" tests="1" name="Test" time="0.432" errors="0" timestamp="2023-04-05T17:34:50 IST">
  <testcase classname="test_class.post_tc1" name="orchestrator" time="0.141">
    <failure type="java.io.FileNotFoundException" message="F:\Swati_Full_Stack_Tester\RestAssured\test_data.xlsx (The system cannot find the path specified)">
      <![CDATA[java.io.FileNotFoundException: F:\Swati_Full_Stack_Tester\RestAssured\test_data.xlsx (The system cannot find the path specified)
at java.base/java.io.FileInputStream.open0(Native Method)
at java.base/java.io.FileInputStream.open(FileInputStream.java:216)
at java.base/java.io.FileInputStream.<init>(FileInputStream.java:157)
at java.base/java.io.FileInputStream.<init>(FileInputStream.java:111)
at common_method.getData.getDataExcel(getData.java:23)
at request_repository.Post_Request_Repository.post_request_tc1(Post_Request_Repository.java:23)
at test_class.post_tc1.orchestrator(post_tc1.java:24)
at java.base/java.util.ArrayList.forEach(ArrayList.java:1511)
... Removed 27 stack frames]]>
    </failure>
  </testcase> <!-- orchestrator -->
</testsuite> <!-- Test -->
